#
# A fatal error has been detected by the Java Runtime Environment:
#
#  Internal Error (javaClasses.cpp:136), pid=2856, tid=5948
#  fatal error: Invalid layout of preloaded class
#
# JRE version:  (7.0_40-b43) (build )
# Java VM: Java HotSpot(TM) 64-Bit Server VM (24.0-b56 mixed mode windows-amd64 compressed oops)
# Failed to write core dump. Minidumps are not enabled by default on client versions of Windows
#
# If you would like to submit a bug report, please visit:
#   http://bugreport.sun.com/bugreport/crash.jsp
#

---------------  T H R E A D  ---------------

Current thread (0x00000000022fe000):  JavaThread "Unknown thread" [_thread_in_vm, id=5948, stack(0x00000000024f0000,0x00000000025f0000)]

Stack: [0x00000000024f0000,0x00000000025f0000]

---------------  P R O C E S S  ---------------

Java Threads: ( => current thread )

Other Threads:

=>0x00000000022fe000 (exited) JavaThread "Unknown thread" [_thread_in_vm, id=5948, stack(0x00000000024f0000,0x00000000025f0000)]

VM state:not at safepoint (not fully initialized)

VM Mutex/Monitor currently owned by a thread: None

GC Heap History (0 events):
No events

Deoptimization events (0 events):
No events

Internal exceptions (0 events):
No events

Events (10 events):
Event: 0.006 loading class 0x0000000001c3cef0 done
Event: 0.006 loading class 0x0000000001c3c910 done
Event: 0.006 loading class 0x0000000001c3c8f0
Event: 0.006 loading class 0x0000000001c449f0
Event: 0.006 loading class 0x0000000001c449f0 done
Event: 0.006 loading class 0x0000000001c44a20
Event: 0.006 loading class 0x0000000001c44a20 done
Event: 0.006 loading class 0x0000000001c44a50
Event: 0.006 loading class 0x0000000001c44a50 done
Event: 0.006 loading class 0x0000000001c3c8f0 done


Dynamic libraries:
0x000000013f260000 - 0x000000013f293000 	C:\Program Files\Java\jre7\bin\javaw.exe
0x0000000077ac0000 - 0x0000000077c69000 	C:\Windows\SYSTEM32\ntdll.dll
0x0000000077860000 - 0x000000007797f000 	C:\Windows\system32\kernel32.dll
0x000007fefd920000 - 0x000007fefd98b000 	C:\Windows\system32\KERNELBASE.dll
0x000007fefe6d0000 - 0x000007fefe7ab000 	C:\Windows\system32\ADVAPI32.dll
0x000007fefea10000 - 0x000007fefeaaf000 	C:\Windows\system32\msvcrt.dll
0x000007fefe9f0000 - 0x000007fefea0f000 	C:\Windows\SYSTEM32\sechost.dll
0x000007fefdfb0000 - 0x000007fefe0dd000 	C:\Windows\system32\RPCRT4.dll
0x0000000077760000 - 0x000000007785a000 	C:\Windows\system32\USER32.dll
0x000007feffd60000 - 0x000007feffdc7000 	C:\Windows\system32\GDI32.dll
0x000007fefdb40000 - 0x000007fefdb4e000 	C:\Windows\system32\LPK.dll
0x000007fefe110000 - 0x000007fefe1d9000 	C:\Windows\system32\USP10.dll
0x000007fefc030000 - 0x000007fefc224000 	C:\Windows\WinSxS\amd64_microsoft.windows.common-controls_6595b64144ccf1df_6.0.7601.17514_none_fa396087175ac9ac\COMCTL32.dll
0x000007fefdf30000 - 0x000007fefdfa1000 	C:\Windows\system32\SHLWAPI.dll
0x000007fefe0e0000 - 0x000007fefe10e000 	C:\Windows\system32\IMM32.DLL
0x000007fefe5c0000 - 0x000007fefe6c9000 	C:\Windows\system32\MSCTF.dll
0x0000000073c20000 - 0x0000000073cf1000 	C:\Program Files\Java\jre7\bin\msvcr100.dll
0x0000000063e00000 - 0x00000000645c9000 	C:\Program Files\Java\jre7\bin\server\jvm.dll
0x000007fefa7f0000 - 0x000007fefa7f9000 	C:\Windows\system32\WSOCK32.dll
0x000007fefe1e0000 - 0x000007fefe22d000 	C:\Windows\system32\WS2_32.dll
0x000007fefe9e0000 - 0x000007fefe9e8000 	C:\Windows\system32\NSI.dll
0x000007fefd830000 - 0x000007fefd86b000 	C:\Windows\system32\WINMM.dll
0x0000000077c90000 - 0x0000000077c97000 	C:\Windows\system32\PSAPI.DLL
0x0000000074340000 - 0x000000007434f000 	C:\Program Files\Java\jre7\bin\verify.dll
0x0000000073b90000 - 0x0000000073bb8000 	C:\Program Files\Java\jre7\bin\java.dll
0x0000000073b70000 - 0x0000000073b85000 	C:\Program Files\Java\jre7\bin\zip.dll

VM Arguments:
jvm_args: -Dfile.encoding=Cp1252 -Xbootclasspath:C:\Users\Nicolas Cage\Documents\Eclipse and More\adt-bundle-windows-x86_64-20131030\sdk\platforms\android-19\android.jar 
java_command: com.example.guessthatanagram.Trie
Launcher Type: SUN_STANDARD

Environment Variables:
PATH=C:\Program Files (x86)\NVIDIA Corporation\PhysX\Common;C:\Program Files\Common Files\Microsoft Shared\Windows Live;C:\Program Files (x86)\Common Files\Microsoft Shared\Windows Live;C:\Program Files (x86)\AMD APP\bin\x86_64;C:\Program Files (x86)\AMD APP\bin\x86;C:\Program Files (x86)\Intel\iCLS Client\;C:\Program Files\Intel\iCLS Client\;C:\Windows\system32;C:\Windows;C:\Windows\System32\Wbem;C:\Windows\System32\WindowsPowerShell\v1.0\;C:\Program Files (x86)\Intel\OpenCL SDK\2.0\bin\x86;C:\Program Files (x86)\Intel\OpenCL SDK\2.0\bin\x64;C:\Program Files\Intel\Intel(R) Management Engine Components\DAL;C:\Program Files\Intel\Intel(R) Management Engine Components\IPT;C:\Program Files (x86)\Intel\Intel(R) Management Engine Components\DAL;C:\Program Files (x86)\Intel\Intel(R) Management Engine Components\IPT;C:\Program Files\Lucidlogix Technologies\VIRTU MVP;C:\Program Files (x86)\ATI Technologies\ATI.ACE\Core-Static;C:\Program Files (x86)\Windows Live\Shared
USERNAME=Nicolas Cage
OS=Windows_NT
PROCESSOR_IDENTIFIER=Intel64 Family 6 Model 58 Stepping 9, GenuineIntel



---------------  S Y S T E M  ---------------

OS: Windows 7 , 64 bit Build 7601 Service Pack 1

CPU:total 4 (4 cores per cpu, 1 threads per core) family 6 model 58 stepping 9, cmov, cx8, fxsr, mmx, sse, sse2, sse3, ssse3, sse4.1, sse4.2, popcnt, avx, aes, erms, tsc, tscinvbit, tscinv

Memory: 4k page, physical 4073416k(1600568k free), swap 8144972k(4873400k free)

vm_info: Java HotSpot(TM) 64-Bit Server VM (24.0-b56) for windows-amd64 JRE (1.7.0_40-b43), built on Aug 26 2013 22:38:32 by "java_re" with unknown MS VC++:1600

time: Sat Feb 01 16:43:57 2014
elapsed time: 0 seconds

